2018-12-11 20:22:34 11124 [main] ERROR
				com.qh.redis.service.RedisUtil - 支付配置文件加载失败！/Users/diamond/var/uploaded_files/bxd_key_894.txt
2018-12-11 20:22:34 11129 [main] ERROR
				com.qh.redis.service.RedisUtil - 支付配置文件加载失败！/Users/diamond/var/uploaded_files/wap_key_10004.txt
2018-12-11 20:22:34 11130 [main] ERROR
				com.qh.redis.service.RedisUtil - 支付配置文件加载失败！/Users/diamond/var/uploaded_files/wap_privateKey_10004.txt
2018-12-11 20:22:34 11131 [main] ERROR
				com.qh.redis.service.RedisUtil - 支付配置文件加载失败！/Users/diamond/var/uploaded_files/bxd_privateKey_035.txt
2018-12-11 20:22:34 11132 [main] ERROR
				com.qh.redis.service.RedisUtil - 支付配置文件加载失败！/Users/diamond/var/uploaded_files/bxd_key_035.txt
2018-12-11 20:22:34 11137 [main] ERROR
				com.qh.redis.service.RedisUtil - 支付配置文件加载失败！/Users/diamond/var/uploaded_files/hfb_df_deskey197.txt
2018-12-11 20:22:34 11138 [main] ERROR
				com.qh.redis.service.RedisUtil - 支付配置文件加载失败！/Users/diamond/var/uploaded_files/hfb_df_key197.txt
2018-12-11 20:22:34 11139 [main] ERROR
				com.qh.redis.service.RedisUtil - 支付配置文件加载失败！/Users/diamond/var/uploaded_files/hfb_key_891.txt
2018-12-11 20:22:34 11141 [main] ERROR
				com.qh.redis.service.RedisUtil - 支付配置文件加载失败！/Users/diamond/var/uploaded_files/hfb_key_new.txt
2018-12-11 20:22:34 11144 [main] ERROR
				com.qh.redis.service.RedisUtil - 支付配置文件加载失败！/Users/diamond/var/uploaded_files/公钥.txt
2018-12-11 20:22:34 11156 [main] ERROR
				com.qh.redis.service.RedisUtil - 支付配置文件加载失败！/Users/diamond/var/uploaded_files/207254 (1).txt
2018-12-11 20:22:34 11175 [main] ERROR
				com.qh.redis.service.RedisUtil - 支付配置文件加载失败！/Users/diamond/var/uploaded_files/bopay_rsa_public_key.pem
2018-12-11 20:22:34 11176 [main] ERROR
				com.qh.redis.service.RedisUtil - 支付配置文件加载失败！/Users/diamond/var/uploaded_files/bopay_BOPAY007001007003_rsa_private_key.pem
2018-12-11 20:22:34 11176 [main] ERROR
				com.qh.redis.service.RedisUtil - 支付配置文件加载失败！/Users/diamond/var/uploaded_files/bopay_BOPAY007001007003_rsa_public_key.pem
