2018-12-11 20:22:24 908  [main] DEBUG
				com.qh.PayProductApplication - Running with Spring Boot v1.5.6.RELEASE, Spring v4.3.10.RELEASE
2018-12-11 20:22:34 10890 [main] DEBUG
				com.qh.system.dao.ConfigDao.list - ==>  Preparing: select `id`,`config_item`,`config_value`,`config_name`,`parent_item`,`is_close` from sys_config order by id desc 
2018-12-11 20:22:34 11055 [main] DEBUG
				com.qh.system.dao.ConfigDao.list - ==> Parameters: 
2018-12-11 20:22:34 11080 [main] DEBUG
				com.qh.system.dao.ConfigDao.list - <==      Total: 31
2018-12-11 20:22:34 11098 [main] DEBUG
				com.qh.pay.dao.PayPropertyDao.list - ==>  Preparing: select `id`,`pay_company`,`merchantNo`,`config_type`,`config_key`,`value`,`name` from pay_property order by id desc 
2018-12-11 20:22:34 11099 [main] DEBUG
				com.qh.pay.dao.PayPropertyDao.list - ==> Parameters: 
2018-12-11 20:22:34 11117 [main] DEBUG
				com.qh.pay.dao.PayPropertyDao.list - <==      Total: 125
2018-12-11 20:22:34 11180 [main] DEBUG
				com.qh.pay.dao.MerchantMapper.list - ==>  Preparing: select `user_id`,`merch_no`,`public_key`,`channel_switch`,`crt_time`,`status`,`audit_status`, `pay_channel_type`,`paid_channel`,`parent_agent`,`payment_method`,`manager_name`,`manager_phone`, `manager_pass`,`contract_effective_time`,`enable_time`,`merchants_name`,`merchants_short_name`, `merchants_industry`,`merchants_industry_code`,`merchants_sub_industry`,`merchants_sub_industry_code`, `contacts`,`contacts_phone`,`contacts_email`,`contacts_qq`,`province`,`province_code`,`city`,`city_code`, `merchant_registered_number`,`merchant_name`,`merchant_type`,`merchant_address`, `merchant_registered_capital`,`merchant_business_term`,`merchant_business_scope`, `merchant_business_photocopy`,`legaler_name`,`legaler_card_type`,`legaler_card_number`, `legaler_card_effective_time`,`legaler_card_pic_front`,`legaler_card_pic_back`,`account_type`, `account_province`,`account_province_code`,`account_city`,`account_city_code`,`account_bank`, `account_bank_code`,`account_bank_branch`,`account_bank_branch_code`,`account_open_person`, `account_open_number`,`account_open_card_number`,`account_open_phone`,`account_pic`,`t_one`, `d_zero`,`paid`,`support_paid`,`support_withdrawal`,`day_limit`,`month_limit`,`credit_card_capital_scale` from merchant order by user_id desc 
2018-12-11 20:22:34 11182 [main] DEBUG
				com.qh.pay.dao.MerchantMapper.list - ==> Parameters: 
2018-12-11 20:22:34 11194 [main] DEBUG
				com.qh.pay.dao.MerchantMapper.list - <==      Total: 4
2018-12-11 20:22:34 11223 [main] DEBUG
				com.qh.pay.dao.AgentMapper.list - ==>  Preparing: select `agent_number`,`agent_id`,status,audit_status,level,parent_agent,merchants_name,t_one,d_zero,paid from agent order by agent_id desc 
2018-12-11 20:22:34 11224 [main] DEBUG
				com.qh.pay.dao.AgentMapper.list - ==> Parameters: 
2018-12-11 20:22:34 11227 [main] DEBUG
				com.qh.pay.dao.AgentMapper.list - <==      Total: 2
2018-12-11 20:22:34 11241 [main] DEBUG
				c.q.p.dao.PayConfigCompanyDao.list - ==>  Preparing: select `company`,`pay_merch`,`out_channel`,`cost_rate`,cost_rate_unit,`qh_rate`,qh_rate_unit,`max_pay_amt`,`min_pay_amt`,`crt_time`,`pay_period`,`if_close`,`pay_channel_type`,`callback_domain`,`capital_pool`,`payment_method`,max_fee,min_fee,clear_ratio from pay_config_company WHERE out_channel != 'acp' order by crt_time desc 
2018-12-11 20:22:34 11265 [main] DEBUG
				c.q.p.dao.PayConfigCompanyDao.list - ==> Parameters: 
2018-12-11 20:22:34 11276 [main] DEBUG
				c.q.p.dao.PayConfigCompanyDao.list - <==      Total: 36
2018-12-11 20:22:39 15897 [main] DEBUG
				com.qh.common.dao.TaskDao.list - ==>  Preparing: select `id`,`cron_expression`,`method_name`,`is_concurrent`,`description`,`update_by`,`bean_class`,`create_date`,`job_status`,`job_group`, `update_date`,`create_by`,`spring_bean`,`job_name`,params from sys_task order by id desc 
2018-12-11 20:22:39 15898 [main] DEBUG
				com.qh.common.dao.TaskDao.list - ==> Parameters: 
2018-12-11 20:22:39 15900 [main] DEBUG
				com.qh.common.dao.TaskDao.list - <==      Total: 7
2018-12-11 20:23:03 40472 [qtp1941390869-32] DEBUG
				c.q.s.dao.UserDao.getByUserName - ==>  Preparing: select `user_id`,`username`,`name`,`password`,`fund_password`,`dept_id`,`email`,`mobile`,`status`,`user_id_create`,`gmt_create`,`gmt_modified` ,`user_type` from sys_user where username = ? 
2018-12-11 20:23:03 40474 [qtp1941390869-32] DEBUG
				c.q.s.dao.UserDao.getByUserName - ==> Parameters: admin(String)
2018-12-11 20:23:03 40476 [qtp1941390869-32] DEBUG
				c.q.s.dao.UserDao.getByUserName - <==      Total: 1
2018-12-11 20:23:03 40523 [qtp1941390869-32] DEBUG
				com.qh.common.dao.LogDao.save - ==>  Preparing: insert into sys_log ( `user_id`, `username`, `operation`, `time`, `method`, `params`, `ip`, `gmt_create` ) values ( ?, ?, ?, ?, ?, ?, ?, ? ) 
2018-12-11 20:23:03 40528 [qtp1941390869-32] DEBUG
				com.qh.common.dao.LogDao.save - ==> Parameters: 1(Integer), admin(String), 登录(String), 9(Integer), com.qh.system.controller.LoginController.ajaxLogin()(String), null, 127.0.0.1(String), 2018-12-11 20:23:03.952(Timestamp)
2018-12-11 20:23:03 40531 [qtp1941390869-32] DEBUG
				com.qh.common.dao.LogDao.save - <==    Updates: 1
2018-12-11 20:23:03 40542 [qtp1941390869-36] DEBUG
				c.q.s.dao.MenuDao.listMenuByUserId - ==>  Preparing: select distinct m.menu_id , parent_id, name, url, perms,`type`,icon,order_num,gmt_create, gmt_modified from sys_menu m left join sys_role_menu rm on m.menu_id = rm.menu_id left join sys_user_role ur on rm.role_id =ur.role_id where ur.user_id = ? and m.type in(0,1) order by m.order_num 
2018-12-11 20:23:03 40547 [qtp1941390869-36] DEBUG
				c.q.s.dao.MenuDao.listMenuByUserId - ==> Parameters: 1(Integer)
2018-12-11 20:23:03 40559 [qtp1941390869-36] DEBUG
				c.q.s.dao.MenuDao.listMenuByUserId - <==      Total: 47
2018-12-11 20:23:04 40575 [qtp1941390869-36] DEBUG
				c.q.s.dao.UserRoleDao.listRoleId - ==>  Preparing: select role_id from sys_user_role where user_id=? 
2018-12-11 20:23:04 40576 [qtp1941390869-36] DEBUG
				c.q.s.dao.UserRoleDao.listRoleId - ==> Parameters: 1(Integer)
2018-12-11 20:23:04 40579 [qtp1941390869-36] DEBUG
				c.q.s.dao.UserRoleDao.listRoleId - <==      Total: 1
2018-12-11 20:23:04 40580 [qtp1941390869-36] DEBUG
				com.qh.system.dao.UserDao.get - ==>  Preparing: select `user_id`,`username`,`name`,`password`,`fund_password`,`dept_id`,`email`,`mobile`,`status`,`user_id_create`,`gmt_create`,`gmt_modified` ,`user_type` from sys_user where user_id = ? 
2018-12-11 20:23:04 40581 [qtp1941390869-36] DEBUG
				com.qh.system.dao.UserDao.get - ==> Parameters: 1(Integer)
2018-12-11 20:23:04 40582 [qtp1941390869-36] DEBUG
				com.qh.system.dao.UserDao.get - <==      Total: 1
2018-12-11 20:23:04 40582 [qtp1941390869-36] DEBUG
				com.qh.system.dao.DeptDao.get - ==>  Preparing: select `dept_id`,`parent_id`,`name`,`order_num`,`del_flag` from sys_dept where dept_id = ? 
2018-12-11 20:23:04 40583 [qtp1941390869-36] DEBUG
				com.qh.system.dao.DeptDao.get - ==> Parameters: 6(Integer)
2018-12-11 20:23:04 40584 [qtp1941390869-36] DEBUG
				com.qh.system.dao.DeptDao.get - <==      Total: 1
2018-12-11 20:23:04 40627 [qtp1941390869-36] DEBUG
				com.qh.common.dao.LogDao.save - ==>  Preparing: insert into sys_log ( `user_id`, `username`, `operation`, `time`, `method`, `params`, `ip`, `gmt_create` ) values ( ?, ?, ?, ?, ?, ?, ?, ? ) 
2018-12-11 20:23:04 40628 [qtp1941390869-36] DEBUG
				com.qh.common.dao.LogDao.save - ==> Parameters: 1(Integer), admin(String), 请求访问主页(String), 47(Integer), com.qh.system.controller.LoginController.index()(String), {"menus":[{"attributes":{"icon":"fa fa-map-signs","url":""},"checked":false,"children":[{"attributes":{"icon":"","url":"/pay/payConfigCompany"},"checked":false,"children":[],"hasChildren":false,"hasParent":true,"id":"185","parentId":"184","text":"支付通道管理"},{"attributes":{"icon":"","url":"/pay/payConfigCompany?payWay=acp"},"checked":false,"children":[],"hasChildren":false,"hasParent":true,"id":"195","parentId":"184","text":"下发通道管理"}],"hasChildren":true,"hasParent":false,"id":"184","parentId":"0","text":"通道管理"},{"attributes":{"icon":"fa fa-bookmark","url":""},"checked":false,"children":[{"attributes":{"icon":"","url":"pay/agent"},"checked":false,"children":[],"hasChildren":false,"hasParent":true,"id":"191","parentId":"190","text":"代理商列表"},{"attributes":{"icon":"","url":"/pay/agent/add"},"checked":false,"children":[],"hasChildren":false,"hasParent":true,"id":"209","parentId":"190","text":"添加代理商"}],"hasChildren":true,"hasParent":false,"id":"190","parentId":"0","text":"代理商管理"},{"attributes":{"icon":"fa fa-archive","url":""},"checked":false,"children":[{"attributes":{"icon":"fa fa-address-book","url":"/pay/merchant"},"checked":false,"children":[],"hasChildren":false,"hasParent":true,"id":"104","parentId":"192","text":"商户管理"},{"attributes":{"icon":"","url":"/pay/merchant/add"},"checked":false,"children":[],"hasChildren":false,"hasParent":true,"id":"212","parentId":"192","text":"新增商户"}],"hasChildren":true,"hasParent":false,"id":"192","parentId":"0","text":"商户管理"},{"attributes":{"icon":"fa fa-bar-chart-o","url":""},"checked":false,"children":[{"attributes":{"icon":"","url":"trademanager/pay"},"checked":false,"children":[],"hasChildren":false,"hasParent":true,"id":"174","parentId":"173","text":"支付交易查询"},{"attributes":{"icon":"","url":"trademanager/acp"},"checked":false,"children":[],"hasChildren":false,"hasParent":true,"id":"176","parentId":"173","text":"代付交易查询"},{"attributes":{"icon":"","url":"trademanager/withdraw"},"checked":false,"children":[],"hasChildren":false,"hasParent":true,"id":"180","parentId":"173","text":"提现交易查询"}],"hasChildren":true,"hasParent":false,"id":"173","parentId":"0","text":"交易查询管理"},{"attributes":{"icon":"fa fa-bank","url":""},"checked":false,"children":[{"attributes":{"icon":"fa fa-user-secret","url":"moneyacct/merchant"},"checked":false,"children":[],"hasChildren":false,"hasParent":true,"id":"160","parentId":"159","text":"商户钱包"},{"attributes":{"icon":"fa fa-user-secret","url":"moneyacct/agent"},"checked":false,"children":[],"hasChildren":false,"hasParent":true,"id":"167","parentId":"159","text":"代理商钱包"},{"attributes":{"icon":"fa fa-user-secret","url":"moneyacct/jfmoney"},"checked":false,"children":[],"hasChildren":false,"hasParent":true,"id":"169","parentId":"159","text":"平台钱包"},{"attributes":{"icon":"fa fa-user-secret","url":"moneyacct/payMerch"},"checked":false,"children":[],"hasChildren":false,"hasParent":true,"id":"171","parentId":"159","text":"第三方账户钱包"},{"attributes":{"icon":"fa fa-money","url":"pay/withdraw"},"checked":false,"children":[],"hasChildren":false,"hasParent":true,"id":"151","parentId":"159","text":"提现"},{"attributes":{"icon":"","url":"pay/payAudit/person?orderType=3"},"checked":false,"children":[],"hasChildren":false,"hasParent":true,"id":"225","parentId":"159","text":"提现列表"}],"hasChildren":true,"hasParent":false,"id":"159","parentId":"0","text":"钱包账户"},{"attributes":{"icon":"fa fa-tasks","url":""},"checked":false,"children":[{"attributes":{"icon":"","url":"/orderQuery/order"},"checked":false,"children":[],"hasChildren":false,"hasParent":true,"id":"116","parentId":"115","text":"支付订单同步"},{"attributes":{"icon":"","url":"/orderQuery/orderHis"},"checked":false,"children":[],"hasChildren":false,"hasParent":true,"id":"117","parentId":"115","text":"支付订单列表"},{"attributes":{"icon":"","url":"/orderQuery/orderAcp"},"checked":false,"children":[],"hasChildren":false,"hasParent":true,"id":"118","parentId":"115","text":"下发订单同步"},{"attributes":{"icon":"","url":"/orderQuery/orderAcpHis"},"checked":false,"children":[],"hasChildren":false,"hasParent":true,"id":"119","parentId":"115","text":"下发订单列表"}],"hasChildren":true,"hasParent":false,"id":"115","parentId":"0","text":"订单管理"},{"attributes":{"icon":"fa fa-key","url":""},"checked":false,"children":[{"attributes":{"icon":"","url":"/pay/payAudit?orderType=1"},"checked":false,"children":[],"hasChildren":false,"hasParent":true,"id":"120","parentId":"194","text":"支付审核"},{"attributes":{"icon":"","url":"/pay/payAudit?orderType=0"},"checked":false,"children":[],"hasChildren":false,"hasParent":true,"id":"196","parentId":"194","text":"下发审核"},{"attributes":{"icon":"","url":"/pay/payAudit?orderType=2"},"checked":false,"children":[],"hasChildren":false,"hasParent":true,"id":"197","parentId":"194","text":"提现审核"}],"hasChildren":true,"hasParent":false,"id":"194","parentId":"0","text":"审核管理"},{"attributes":{"icon":"fa fa-bullhorn","url":""},"checked":false,"children":[{"attributes":{"icon":"","url":"/sys/notice"},"checked":false,"children":[],"hasChildren":fa(String), 127.0.0.1(String), 2018-12-11 20:23:04.057(Timestamp)
2018-12-11 20:23:04 40632 [qtp1941390869-36] DEBUG
				com.qh.common.dao.LogDao.save - <==    Updates: 1
2018-12-11 20:23:04 41276 [qtp1941390869-91] DEBUG
				com.qh.system.dao.NoticeDao.list - ==>  Preparing: select `id`,`title`,`content`,`create_time`,`creator` from sys_notice order by id desc limit ?, ? 
2018-12-11 20:23:04 41278 [qtp1941390869-91] DEBUG
				com.qh.system.dao.NoticeDao.list - ==> Parameters: 0(Integer), 15(Integer)
2018-12-11 20:23:04 41281 [qtp1941390869-91] DEBUG
				com.qh.system.dao.NoticeDao.list - <==      Total: 11
2018-12-11 20:23:04 41282 [qtp1941390869-91] DEBUG
				com.qh.system.dao.NoticeDao.count - ==>  Preparing: select count(*) from sys_notice 
2018-12-11 20:23:04 41283 [qtp1941390869-91] DEBUG
				com.qh.system.dao.NoticeDao.count - ==> Parameters: 
2018-12-11 20:23:04 41284 [qtp1941390869-91] DEBUG
				com.qh.system.dao.NoticeDao.count - <==      Total: 1
2018-12-11 20:23:07 43573 [qtp1941390869-32] DEBUG
				c.q.s.dao.MenuDao.listUserPerms - ==>  Preparing: select distinct m.perms from sys_menu m left join sys_role_menu rm on m.menu_id = rm.menu_id left join sys_user_role ur on rm.role_id = ur.role_id where ur.user_id = ? 
2018-12-11 20:23:07 43574 [qtp1941390869-32] DEBUG
				c.q.s.dao.MenuDao.listUserPerms - ==> Parameters: 1(Integer)
2018-12-11 20:23:07 43577 [qtp1941390869-32] DEBUG
				c.q.s.dao.MenuDao.listUserPerms - <==      Total: 106
2018-12-11 20:23:07 43746 [qtp1941390869-30] DEBUG
				com.qh.pay.dao.MerchantMapper.list - ==>  Preparing: select `user_id`,`merch_no`,`public_key`,`channel_switch`,`crt_time`,`status`,`audit_status`, `pay_channel_type`,`paid_channel`,`parent_agent`,`payment_method`,`manager_name`,`manager_phone`, `manager_pass`,`contract_effective_time`,`enable_time`,`merchants_name`,`merchants_short_name`, `merchants_industry`,`merchants_industry_code`,`merchants_sub_industry`,`merchants_sub_industry_code`, `contacts`,`contacts_phone`,`contacts_email`,`contacts_qq`,`province`,`province_code`,`city`,`city_code`, `merchant_registered_number`,`merchant_name`,`merchant_type`,`merchant_address`, `merchant_registered_capital`,`merchant_business_term`,`merchant_business_scope`, `merchant_business_photocopy`,`legaler_name`,`legaler_card_type`,`legaler_card_number`, `legaler_card_effective_time`,`legaler_card_pic_front`,`legaler_card_pic_back`,`account_type`, `account_province`,`account_province_code`,`account_city`,`account_city_code`,`account_bank`, `account_bank_code`,`account_bank_branch`,`account_bank_branch_code`,`account_open_person`, `account_open_number`,`account_open_card_number`,`account_open_phone`,`account_pic`,`t_one`, `d_zero`,`paid`,`support_paid`,`support_withdrawal`,`day_limit`,`month_limit`,`credit_card_capital_scale` from merchant order by user_id desc limit ?, ? 
2018-12-11 20:23:07 43749 [qtp1941390869-30] DEBUG
				com.qh.pay.dao.MerchantMapper.list - ==> Parameters: 0(Integer), 10(Integer)
2018-12-11 20:23:07 43756 [qtp1941390869-30] DEBUG
				com.qh.pay.dao.MerchantMapper.list - <==      Total: 4
2018-12-11 20:23:07 43765 [qtp1941390869-30] DEBUG
				com.qh.pay.dao.MerchantMapper.count - ==>  Preparing: select count(1) from merchant 
2018-12-11 20:23:07 43766 [qtp1941390869-30] DEBUG
				com.qh.pay.dao.MerchantMapper.count - ==> Parameters: 
2018-12-11 20:23:07 43768 [qtp1941390869-30] DEBUG
				com.qh.pay.dao.MerchantMapper.count - <==      Total: 1
2018-12-11 20:23:09 45797 [qtp1941390869-35] DEBUG
				c.qh.pay.dao.MerchantMapper.getById - ==>  Preparing: select `user_id`,`merch_no`,`public_key`,`channel_switch`,`crt_time`,`status`,`audit_status`, `pay_channel_type`,`paid_channel`,`parent_agent`,`payment_method`,`manager_name`,`manager_phone`, `manager_pass`,`contract_effective_time`,`enable_time`,`merchants_name`,`merchants_short_name`, `merchants_industry`,`merchants_industry_code`,`merchants_sub_industry`,`merchants_sub_industry_code`, `contacts`,`contacts_phone`,`contacts_email`,`contacts_qq`,`province`,`province_code`,`city`, `city_code`,`merchant_registered_number`,`merchant_name`,`merchant_type`,`merchant_address`, `merchant_registered_capital`,`merchant_business_term`,`merchant_business_scope`, `merchant_business_photocopy`,`legaler_name`,`legaler_card_type`,`legaler_card_number`, `legaler_card_effective_time`,`legaler_card_pic_front`,`legaler_card_pic_back`,`account_type`, `account_province`,`account_province_code`,`account_city`,`account_city_code`,`account_bank`, `account_bank_code`,`account_bank_branch`,`account_bank_branch_code`,`account_open_person`, `account_open_number`,`account_open_card_number`,`account_open_phone`,`account_pic`,`t_one`, `d_zero`,`paid`,`support_paid`,`support_withdrawal`,`day_limit`,`month_limit`, `credit_card_capital_scale` from merchant where merch_no = ? 
2018-12-11 20:23:09 45798 [qtp1941390869-35] DEBUG
				c.qh.pay.dao.MerchantMapper.getById - ==> Parameters: 878904(String)
2018-12-11 20:23:09 45803 [qtp1941390869-35] DEBUG
				c.qh.pay.dao.MerchantMapper.getById - <==      Total: 1
2018-12-11 20:23:09 45805 [qtp1941390869-35] DEBUG
				com.qh.common.dao.ProvinceDao.list - ==>  Preparing: select `id`,`name` from cfg_provinces 
2018-12-11 20:23:09 45806 [qtp1941390869-35] DEBUG
				com.qh.common.dao.ProvinceDao.list - ==> Parameters: 
2018-12-11 20:23:09 45809 [qtp1941390869-35] DEBUG
				com.qh.common.dao.ProvinceDao.list - <==      Total: 34
2018-12-11 20:23:09 45811 [qtp1941390869-35] DEBUG
				c.q.c.dao.CityDao.listByProvinceId - ==>  Preparing: select `id`,`name` from cfg_cities where provinceid = ? 
2018-12-11 20:23:09 45812 [qtp1941390869-35] DEBUG
				c.q.c.dao.CityDao.listByProvinceId - ==> Parameters: 210000(String)
2018-12-11 20:23:09 45817 [qtp1941390869-35] DEBUG
				c.q.c.dao.CityDao.listByProvinceId - <==      Total: 14
2018-12-11 20:23:09 45818 [qtp1941390869-35] DEBUG
				c.q.c.dao.CityDao.listByProvinceId - ==>  Preparing: select `id`,`name` from cfg_cities where provinceid = ? 
2018-12-11 20:23:09 45818 [qtp1941390869-35] DEBUG
				c.q.c.dao.CityDao.listByProvinceId - ==> Parameters: 150000(String)
2018-12-11 20:23:09 45820 [qtp1941390869-35] DEBUG
				c.q.c.dao.CityDao.listByProvinceId - <==      Total: 12
2018-12-11 20:23:09 45821 [qtp1941390869-35] DEBUG
				c.q.c.d.U.listByBankAndCity - ==>  Preparing: select `bank_code`,`cityid`,`bank_branch`,`unionpay_no` from cfg_unionpay where bank_code = ? and cityid = ? 
2018-12-11 20:23:09 45822 [qtp1941390869-35] DEBUG
				c.q.c.d.U.listByBankAndCity - ==> Parameters: BCOM(String), 210500(String)
2018-12-11 20:23:09 45824 [qtp1941390869-35] DEBUG
				c.q.c.d.U.listByBankAndCity - <==      Total: 1
2018-12-11 20:23:09 46154 [qtp1941390869-93] DEBUG
				c.q.c.dao.CityDao.listByProvinceId - ==>  Preparing: select `id`,`name` from cfg_cities where provinceid = ? 
2018-12-11 20:23:09 46154 [qtp1941390869-93] DEBUG
				c.q.c.dao.CityDao.listByProvinceId - ==> Parameters: 150000(String)
2018-12-11 20:23:09 46155 [qtp1941390869-93] DEBUG
				c.q.c.dao.CityDao.listByProvinceId - <==      Total: 12
2018-12-11 20:23:09 46164 [qtp1941390869-36] DEBUG
				c.q.c.dao.CityDao.listByProvinceId - ==>  Preparing: select `id`,`name` from cfg_cities where provinceid = ? 
2018-12-11 20:23:09 46164 [qtp1941390869-36] DEBUG
				c.q.c.dao.CityDao.listByProvinceId - ==> Parameters: 210000(String)
2018-12-11 20:23:09 46165 [qtp1941390869-36] DEBUG
				c.q.c.dao.CityDao.listByProvinceId - <==      Total: 14
2018-12-11 20:23:09 46173 [qtp1941390869-35] DEBUG
				c.q.c.d.U.listByBankAndCity - ==>  Preparing: select `bank_code`,`cityid`,`bank_branch`,`unionpay_no` from cfg_unionpay where bank_code = ? and cityid = ? 
2018-12-11 20:23:09 46173 [qtp1941390869-35] DEBUG
				c.q.c.d.U.listByBankAndCity - ==> Parameters: BCOM(String), 210500(String)
2018-12-11 20:23:09 46174 [qtp1941390869-35] DEBUG
				c.q.c.d.U.listByBankAndCity - <==      Total: 1
2018-12-11 20:23:09 46180 [qtp1941390869-91] DEBUG
				c.q.c.d.U.listByBankAndCity - ==>  Preparing: select `bank_code`,`cityid`,`bank_branch`,`unionpay_no` from cfg_unionpay where bank_code = ? and cityid = ? 
2018-12-11 20:23:09 46180 [qtp1941390869-91] DEBUG
				c.q.c.d.U.listByBankAndCity - ==> Parameters: BCOM(String), 210500(String)
2018-12-11 20:23:09 46181 [qtp1941390869-91] DEBUG
				c.q.c.d.U.listByBankAndCity - <==      Total: 1
2018-12-11 20:23:17 53753 [qtp1941390869-30] DEBUG
				com.qh.common.dao.FileDao.save - ==>  Preparing: insert into sys_file ( `type`, `url`, `create_date` ) values ( ?, ?, ? ) 
2018-12-11 20:23:17 53755 [qtp1941390869-30] DEBUG
				com.qh.common.dao.FileDao.save - ==> Parameters: 0(Integer), /files/d2a362f2-e398-40aa-bee8-2bb6a8bfff86.jpeg(String), 2018-12-11 20:23:17.182(Timestamp)
2018-12-11 20:23:17 53756 [qtp1941390869-30] DEBUG
				com.qh.common.dao.FileDao.save - <==    Updates: 1
2018-12-11 20:23:19 55964 [qtp1941390869-87] DEBUG
				c.qh.pay.dao.MerchantMapper.getById - ==>  Preparing: select `user_id`,`merch_no`,`public_key`,`channel_switch`,`crt_time`,`status`,`audit_status`, `pay_channel_type`,`paid_channel`,`parent_agent`,`payment_method`,`manager_name`,`manager_phone`, `manager_pass`,`contract_effective_time`,`enable_time`,`merchants_name`,`merchants_short_name`, `merchants_industry`,`merchants_industry_code`,`merchants_sub_industry`,`merchants_sub_industry_code`, `contacts`,`contacts_phone`,`contacts_email`,`contacts_qq`,`province`,`province_code`,`city`, `city_code`,`merchant_registered_number`,`merchant_name`,`merchant_type`,`merchant_address`, `merchant_registered_capital`,`merchant_business_term`,`merchant_business_scope`, `merchant_business_photocopy`,`legaler_name`,`legaler_card_type`,`legaler_card_number`, `legaler_card_effective_time`,`legaler_card_pic_front`,`legaler_card_pic_back`,`account_type`, `account_province`,`account_province_code`,`account_city`,`account_city_code`,`account_bank`, `account_bank_code`,`account_bank_branch`,`account_bank_branch_code`,`account_open_person`, `account_open_number`,`account_open_card_number`,`account_open_phone`,`account_pic`,`t_one`, `d_zero`,`paid`,`support_paid`,`support_withdrawal`,`day_limit`,`month_limit`, `credit_card_capital_scale` from merchant where merch_no = ? 
2018-12-11 20:23:19 55964 [qtp1941390869-87] DEBUG
				c.qh.pay.dao.MerchantMapper.getById - ==> Parameters: 878904(String)
2018-12-11 20:23:19 55967 [qtp1941390869-87] DEBUG
				c.qh.pay.dao.MerchantMapper.getById - <==      Total: 1
2018-12-11 20:23:19 56025 [qtp1941390869-86] DEBUG
				c.qh.pay.dao.MerchantMapper.update - ==>  Preparing: update merchant SET `province` = ?, `province_code` = ?, `city` = ?, `city_code` = ?, `merchant_registered_number` = ?, `merchant_name` = ?, `merchant_type` = ?, `merchant_address` = ?, `merchant_registered_capital` = ?, `merchant_business_term` = ?, `merchant_business_scope` = ?, `merchant_business_photocopy` = ?, `legaler_name` = ?, `legaler_card_type` = ?, `legaler_card_number` = ?, `legaler_card_effective_time` = ?, `legaler_card_pic_front` = ?, `legaler_card_pic_back` = ?, `account_type` = ?, `account_province` = ?, `account_province_code` = ?, `account_city` = ?, `account_city_code` = ?, `account_bank` = ?, `account_bank_code` = ?, `account_bank_branch` = ?, `account_bank_branch_code` = ?, `account_open_person` = ?, `account_open_number` = ?, `account_open_card_number` = ?, `account_open_phone` = ?, `account_pic` = ? where merch_no = ? 
2018-12-11 20:23:19 56031 [qtp1941390869-86] DEBUG
				c.qh.pay.dao.MerchantMapper.update - ==> Parameters: 内蒙古自治区(String), 150000(String), 包头市(String), 150200(String), icp38333033(String), sddfdf(String), 1(Integer), 天津市(String), 1333(String), 2018-06-06~2021-04-30(String), 零售(String), /files/be24a688-ac77-4bc3-b3c0-96f8a7d6b352.png(String), 健康健康(String), 1(Integer), 42343219871221987(String), 1945-07-06~2076-03-06(String), /files/dbd2891b-6396-4e67-aec6-a96b60ba263d.png(String), /files/d2a362f2-e398-40aa-bee8-2bb6a8bfff86.jpeg(String), 0(Integer), 辽宁省(String), 210000(String), 本溪市(String), 210500(String), 交通银行(String), BCOM(String), (String), 301225000019(String), 书籍(String), 43256787654332222(String), 42343219871221987(String), 13456765432(String), /files/6460a657-ab37-433b-9bf2-d2acdbf837f7.jpeg(String), 878904(String)
2018-12-11 20:23:19 56034 [qtp1941390869-86] DEBUG
				c.qh.pay.dao.MerchantMapper.update - <==    Updates: 1
2018-12-11 20:23:19 56034 [qtp1941390869-86] DEBUG
				c.q.p.d.MerchantMapper.getByMerchNo - ==>  Preparing: select `merch_no`,`user_id`,`public_key`,`merchant_registered_number`,`contacts_email`,channel_switch,status,audit_status,pay_channel_type,parent_agent,payment_method,merchants_name,merchants_short_name,t_one,d_zero,paid,support_paid,support_withdrawal,day_limit,month_limit,paid_channel from merchant where merch_no = ? 
2018-12-11 20:23:19 56035 [qtp1941390869-86] DEBUG
				c.q.p.d.MerchantMapper.getByMerchNo - ==> Parameters: 878904(String)
2018-12-11 20:23:19 56037 [qtp1941390869-86] DEBUG
				c.q.p.d.MerchantMapper.getByMerchNo - <==      Total: 1
2018-12-11 20:23:19 56051 [qtp1941390869-31] DEBUG
				com.qh.pay.dao.MerchantMapper.list - ==>  Preparing: select `user_id`,`merch_no`,`public_key`,`channel_switch`,`crt_time`,`status`,`audit_status`, `pay_channel_type`,`paid_channel`,`parent_agent`,`payment_method`,`manager_name`,`manager_phone`, `manager_pass`,`contract_effective_time`,`enable_time`,`merchants_name`,`merchants_short_name`, `merchants_industry`,`merchants_industry_code`,`merchants_sub_industry`,`merchants_sub_industry_code`, `contacts`,`contacts_phone`,`contacts_email`,`contacts_qq`,`province`,`province_code`,`city`,`city_code`, `merchant_registered_number`,`merchant_name`,`merchant_type`,`merchant_address`, `merchant_registered_capital`,`merchant_business_term`,`merchant_business_scope`, `merchant_business_photocopy`,`legaler_name`,`legaler_card_type`,`legaler_card_number`, `legaler_card_effective_time`,`legaler_card_pic_front`,`legaler_card_pic_back`,`account_type`, `account_province`,`account_province_code`,`account_city`,`account_city_code`,`account_bank`, `account_bank_code`,`account_bank_branch`,`account_bank_branch_code`,`account_open_person`, `account_open_number`,`account_open_card_number`,`account_open_phone`,`account_pic`,`t_one`, `d_zero`,`paid`,`support_paid`,`support_withdrawal`,`day_limit`,`month_limit`,`credit_card_capital_scale` from merchant order by user_id desc limit ?, ? 
2018-12-11 20:23:19 56051 [qtp1941390869-31] DEBUG
				com.qh.pay.dao.MerchantMapper.list - ==> Parameters: 0(Integer), 10(Integer)
2018-12-11 20:23:19 56057 [qtp1941390869-31] DEBUG
				com.qh.pay.dao.MerchantMapper.list - <==      Total: 4
2018-12-11 20:23:19 56065 [qtp1941390869-31] DEBUG
				com.qh.pay.dao.MerchantMapper.count - ==>  Preparing: select count(1) from merchant 
2018-12-11 20:23:19 56065 [qtp1941390869-31] DEBUG
				com.qh.pay.dao.MerchantMapper.count - ==> Parameters: 
2018-12-11 20:23:19 56065 [qtp1941390869-31] DEBUG
				com.qh.pay.dao.MerchantMapper.count - <==      Total: 1
2018-12-11 20:23:21 57819 [qtp1941390869-93] DEBUG
				c.qh.pay.dao.MerchantMapper.getById - ==>  Preparing: select `user_id`,`merch_no`,`public_key`,`channel_switch`,`crt_time`,`status`,`audit_status`, `pay_channel_type`,`paid_channel`,`parent_agent`,`payment_method`,`manager_name`,`manager_phone`, `manager_pass`,`contract_effective_time`,`enable_time`,`merchants_name`,`merchants_short_name`, `merchants_industry`,`merchants_industry_code`,`merchants_sub_industry`,`merchants_sub_industry_code`, `contacts`,`contacts_phone`,`contacts_email`,`contacts_qq`,`province`,`province_code`,`city`, `city_code`,`merchant_registered_number`,`merchant_name`,`merchant_type`,`merchant_address`, `merchant_registered_capital`,`merchant_business_term`,`merchant_business_scope`, `merchant_business_photocopy`,`legaler_name`,`legaler_card_type`,`legaler_card_number`, `legaler_card_effective_time`,`legaler_card_pic_front`,`legaler_card_pic_back`,`account_type`, `account_province`,`account_province_code`,`account_city`,`account_city_code`,`account_bank`, `account_bank_code`,`account_bank_branch`,`account_bank_branch_code`,`account_open_person`, `account_open_number`,`account_open_card_number`,`account_open_phone`,`account_pic`,`t_one`, `d_zero`,`paid`,`support_paid`,`support_withdrawal`,`day_limit`,`month_limit`, `credit_card_capital_scale` from merchant where merch_no = ? 
2018-12-11 20:23:21 57819 [qtp1941390869-93] DEBUG
				c.qh.pay.dao.MerchantMapper.getById - ==> Parameters: 878904(String)
2018-12-11 20:23:21 57833 [qtp1941390869-93] DEBUG
				c.qh.pay.dao.MerchantMapper.getById - <==      Total: 1
2018-12-11 20:23:21 57834 [qtp1941390869-93] DEBUG
				com.qh.common.dao.ProvinceDao.list - ==>  Preparing: select `id`,`name` from cfg_provinces 
2018-12-11 20:23:21 57834 [qtp1941390869-93] DEBUG
				com.qh.common.dao.ProvinceDao.list - ==> Parameters: 
2018-12-11 20:23:21 57837 [qtp1941390869-93] DEBUG
				com.qh.common.dao.ProvinceDao.list - <==      Total: 34
2018-12-11 20:23:21 57838 [qtp1941390869-93] DEBUG
				c.q.c.dao.CityDao.listByProvinceId - ==>  Preparing: select `id`,`name` from cfg_cities where provinceid = ? 
2018-12-11 20:23:21 57838 [qtp1941390869-93] DEBUG
				c.q.c.dao.CityDao.listByProvinceId - ==> Parameters: 210000(String)
2018-12-11 20:23:21 57839 [qtp1941390869-93] DEBUG
				c.q.c.dao.CityDao.listByProvinceId - <==      Total: 14
2018-12-11 20:23:21 57840 [qtp1941390869-93] DEBUG
				c.q.c.dao.CityDao.listByProvinceId - ==>  Preparing: select `id`,`name` from cfg_cities where provinceid = ? 
2018-12-11 20:23:21 57840 [qtp1941390869-93] DEBUG
				c.q.c.dao.CityDao.listByProvinceId - ==> Parameters: 150000(String)
2018-12-11 20:23:21 57841 [qtp1941390869-93] DEBUG
				c.q.c.dao.CityDao.listByProvinceId - <==      Total: 12
2018-12-11 20:23:21 57842 [qtp1941390869-93] DEBUG
				c.q.c.d.U.listByBankAndCity - ==>  Preparing: select `bank_code`,`cityid`,`bank_branch`,`unionpay_no` from cfg_unionpay where bank_code = ? and cityid = ? 
2018-12-11 20:23:21 57842 [qtp1941390869-93] DEBUG
				c.q.c.d.U.listByBankAndCity - ==> Parameters: BCOM(String), 210500(String)
2018-12-11 20:23:21 57843 [qtp1941390869-93] DEBUG
				c.q.c.d.U.listByBankAndCity - <==      Total: 1
2018-12-11 20:23:21 58145 [qtp1941390869-30] DEBUG
				c.q.c.dao.CityDao.listByProvinceId - ==>  Preparing: select `id`,`name` from cfg_cities where provinceid = ? 
2018-12-11 20:23:21 58145 [qtp1941390869-30] DEBUG
				c.q.c.dao.CityDao.listByProvinceId - ==> Parameters: 150000(String)
2018-12-11 20:23:21 58146 [qtp1941390869-30] DEBUG
				c.q.c.dao.CityDao.listByProvinceId - <==      Total: 12
2018-12-11 20:23:21 58155 [qtp1941390869-37] DEBUG
				c.q.c.dao.CityDao.listByProvinceId - ==>  Preparing: select `id`,`name` from cfg_cities where provinceid = ? 
2018-12-11 20:23:21 58156 [qtp1941390869-37] DEBUG
				c.q.c.dao.CityDao.listByProvinceId - ==> Parameters: 210000(String)
2018-12-11 20:23:21 58156 [qtp1941390869-37] DEBUG
				c.q.c.dao.CityDao.listByProvinceId - <==      Total: 14
2018-12-11 20:23:21 58162 [qtp1941390869-36] DEBUG
				c.q.c.d.U.listByBankAndCity - ==>  Preparing: select `bank_code`,`cityid`,`bank_branch`,`unionpay_no` from cfg_unionpay where bank_code = ? and cityid = ? 
2018-12-11 20:23:21 58163 [qtp1941390869-36] DEBUG
				c.q.c.d.U.listByBankAndCity - ==> Parameters: BCOM(String), 210500(String)
2018-12-11 20:23:21 58163 [qtp1941390869-36] DEBUG
				c.q.c.d.U.listByBankAndCity - <==      Total: 1
2018-12-11 20:23:21 58168 [qtp1941390869-32] DEBUG
				c.q.c.d.U.listByBankAndCity - ==>  Preparing: select `bank_code`,`cityid`,`bank_branch`,`unionpay_no` from cfg_unionpay where bank_code = ? and cityid = ? 
2018-12-11 20:23:21 58168 [qtp1941390869-32] DEBUG
				c.q.c.d.U.listByBankAndCity - ==> Parameters: BCOM(String), 210500(String)
2018-12-11 20:23:21 58169 [qtp1941390869-32] DEBUG
				c.q.c.d.U.listByBankAndCity - <==      Total: 1
2018-12-11 20:23:28 65119 [qtp1941390869-31] DEBUG
				com.qh.common.dao.FileDao.save - ==>  Preparing: insert into sys_file ( `type`, `url`, `create_date` ) values ( ?, ?, ? ) 
2018-12-11 20:23:28 65119 [qtp1941390869-31] DEBUG
				com.qh.common.dao.FileDao.save - ==> Parameters: 0(Integer), /files/e489c543-b643-4d06-a91a-d5b6b36f33e7.jpg(String), 2018-12-11 20:23:28.547(Timestamp)
2018-12-11 20:23:28 65121 [qtp1941390869-31] DEBUG
				com.qh.common.dao.FileDao.save - <==    Updates: 1
2018-12-11 20:23:30 66843 [qtp1941390869-92] DEBUG
				c.qh.pay.dao.MerchantMapper.getById - ==>  Preparing: select `user_id`,`merch_no`,`public_key`,`channel_switch`,`crt_time`,`status`,`audit_status`, `pay_channel_type`,`paid_channel`,`parent_agent`,`payment_method`,`manager_name`,`manager_phone`, `manager_pass`,`contract_effective_time`,`enable_time`,`merchants_name`,`merchants_short_name`, `merchants_industry`,`merchants_industry_code`,`merchants_sub_industry`,`merchants_sub_industry_code`, `contacts`,`contacts_phone`,`contacts_email`,`contacts_qq`,`province`,`province_code`,`city`, `city_code`,`merchant_registered_number`,`merchant_name`,`merchant_type`,`merchant_address`, `merchant_registered_capital`,`merchant_business_term`,`merchant_business_scope`, `merchant_business_photocopy`,`legaler_name`,`legaler_card_type`,`legaler_card_number`, `legaler_card_effective_time`,`legaler_card_pic_front`,`legaler_card_pic_back`,`account_type`, `account_province`,`account_province_code`,`account_city`,`account_city_code`,`account_bank`, `account_bank_code`,`account_bank_branch`,`account_bank_branch_code`,`account_open_person`, `account_open_number`,`account_open_card_number`,`account_open_phone`,`account_pic`,`t_one`, `d_zero`,`paid`,`support_paid`,`support_withdrawal`,`day_limit`,`month_limit`, `credit_card_capital_scale` from merchant where merch_no = ? 
2018-12-11 20:23:30 66843 [qtp1941390869-92] DEBUG
				c.qh.pay.dao.MerchantMapper.getById - ==> Parameters: 878904(String)
2018-12-11 20:23:30 66855 [qtp1941390869-92] DEBUG
				c.qh.pay.dao.MerchantMapper.getById - <==      Total: 1
2018-12-11 20:23:30 66893 [qtp1941390869-94] DEBUG
				c.qh.pay.dao.MerchantMapper.update - ==>  Preparing: update merchant SET `province` = ?, `province_code` = ?, `city` = ?, `city_code` = ?, `merchant_registered_number` = ?, `merchant_name` = ?, `merchant_type` = ?, `merchant_address` = ?, `merchant_registered_capital` = ?, `merchant_business_term` = ?, `merchant_business_scope` = ?, `merchant_business_photocopy` = ?, `legaler_name` = ?, `legaler_card_type` = ?, `legaler_card_number` = ?, `legaler_card_effective_time` = ?, `legaler_card_pic_front` = ?, `legaler_card_pic_back` = ?, `account_type` = ?, `account_province` = ?, `account_province_code` = ?, `account_city` = ?, `account_city_code` = ?, `account_bank` = ?, `account_bank_code` = ?, `account_bank_branch` = ?, `account_bank_branch_code` = ?, `account_open_person` = ?, `account_open_number` = ?, `account_open_card_number` = ?, `account_open_phone` = ?, `account_pic` = ? where merch_no = ? 
2018-12-11 20:23:30 66894 [qtp1941390869-94] DEBUG
				c.qh.pay.dao.MerchantMapper.update - ==> Parameters: 内蒙古自治区(String), 150000(String), 包头市(String), 150200(String), icp38333033(String), sddfdf(String), 1(Integer), 天津市(String), 1333(String), 2018-06-06~2021-04-30(String), 零售(String), /files/be24a688-ac77-4bc3-b3c0-96f8a7d6b352.png(String), 健康健康(String), 1(Integer), 42343219871221987(String), 1945-07-06~2076-03-06(String), /files/e489c543-b643-4d06-a91a-d5b6b36f33e7.jpg(String), /files/d2a362f2-e398-40aa-bee8-2bb6a8bfff86.jpeg(String), 0(Integer), 辽宁省(String), 210000(String), 本溪市(String), 210500(String), 交通银行(String), BCOM(String), (String), 301225000019(String), 书籍(String), 43256787654332222(String), 42343219871221987(String), 13456765432(String), /files/6460a657-ab37-433b-9bf2-d2acdbf837f7.jpeg(String), 878904(String)
2018-12-11 20:23:30 66897 [qtp1941390869-94] DEBUG
				c.qh.pay.dao.MerchantMapper.update - <==    Updates: 1
2018-12-11 20:23:30 66897 [qtp1941390869-94] DEBUG
				c.q.p.d.MerchantMapper.getByMerchNo - ==>  Preparing: select `merch_no`,`user_id`,`public_key`,`merchant_registered_number`,`contacts_email`,channel_switch,status,audit_status,pay_channel_type,parent_agent,payment_method,merchants_name,merchants_short_name,t_one,d_zero,paid,support_paid,support_withdrawal,day_limit,month_limit,paid_channel from merchant where merch_no = ? 
2018-12-11 20:23:30 66897 [qtp1941390869-94] DEBUG
				c.q.p.d.MerchantMapper.getByMerchNo - ==> Parameters: 878904(String)
2018-12-11 20:23:30 66899 [qtp1941390869-94] DEBUG
				c.q.p.d.MerchantMapper.getByMerchNo - <==      Total: 1
2018-12-11 20:23:30 66909 [qtp1941390869-30] DEBUG
				com.qh.pay.dao.MerchantMapper.list - ==>  Preparing: select `user_id`,`merch_no`,`public_key`,`channel_switch`,`crt_time`,`status`,`audit_status`, `pay_channel_type`,`paid_channel`,`parent_agent`,`payment_method`,`manager_name`,`manager_phone`, `manager_pass`,`contract_effective_time`,`enable_time`,`merchants_name`,`merchants_short_name`, `merchants_industry`,`merchants_industry_code`,`merchants_sub_industry`,`merchants_sub_industry_code`, `contacts`,`contacts_phone`,`contacts_email`,`contacts_qq`,`province`,`province_code`,`city`,`city_code`, `merchant_registered_number`,`merchant_name`,`merchant_type`,`merchant_address`, `merchant_registered_capital`,`merchant_business_term`,`merchant_business_scope`, `merchant_business_photocopy`,`legaler_name`,`legaler_card_type`,`legaler_card_number`, `legaler_card_effective_time`,`legaler_card_pic_front`,`legaler_card_pic_back`,`account_type`, `account_province`,`account_province_code`,`account_city`,`account_city_code`,`account_bank`, `account_bank_code`,`account_bank_branch`,`account_bank_branch_code`,`account_open_person`, `account_open_number`,`account_open_card_number`,`account_open_phone`,`account_pic`,`t_one`, `d_zero`,`paid`,`support_paid`,`support_withdrawal`,`day_limit`,`month_limit`,`credit_card_capital_scale` from merchant order by user_id desc limit ?, ? 
2018-12-11 20:23:30 66910 [qtp1941390869-30] DEBUG
				com.qh.pay.dao.MerchantMapper.list - ==> Parameters: 0(Integer), 10(Integer)
2018-12-11 20:23:30 66916 [qtp1941390869-30] DEBUG
				com.qh.pay.dao.MerchantMapper.list - <==      Total: 4
2018-12-11 20:23:30 66924 [qtp1941390869-30] DEBUG
				com.qh.pay.dao.MerchantMapper.count - ==>  Preparing: select count(1) from merchant 
2018-12-11 20:23:30 66924 [qtp1941390869-30] DEBUG
				com.qh.pay.dao.MerchantMapper.count - ==> Parameters: 
2018-12-11 20:23:30 66925 [qtp1941390869-30] DEBUG
				com.qh.pay.dao.MerchantMapper.count - <==      Total: 1
2018-12-11 20:26:12 228945 [Thread-27] DEBUG
				c.q.c.utils.SpringContextHolder - 清除SpringContextHolder中的ApplicationContext:org.springframework.boot.context.embedded.AnnotationConfigEmbeddedWebApplicationContext@7c37508a: startup date [Tue Dec 11 20:22:24 CST 2018]; root of context hierarchy
